<?xml version="1.0" encoding="UTF-8"?>
<!-- Generated by org.testng.reporters.JUnitReportReporter -->
<testsuite hostname="DESKTOP-MKQHVKG" failures="0" tests="1" name="logintestpage.LoginPageTest" time="4.827" errors="0" timestamp="2024-10-24T23:05:17 IST" skipped="0">
  <testcase classname="logintestpage.LoginPageTest" name="login" time="4.827"/>
  <system-out/>
</testsuite> <!-- logintestpage.LoginPageTest -->
